
                           **********************
                           *                    *
                           *     MINICHEM 0.1   *
                           *                    *
                           **********************

Minichem is an open-source simple quantum chemistry code, written in educational purposes
Build date: Nov  3 2016 18:14:47
Compiler:   gcc 6.2.1
Date:       Thu Nov  3 18:15:48 2016
Authors:
  Alexander Oleynichenko        alexvoleynichenko@gmail.com

--------------------------------------------------------------------------------
Input file: CH4.inp
Charge = 0
Mult = 1
  C       0.00000000     0.00000000     0.00000000
  H       0.62783701     0.62783701     0.62783701
  H      -0.62783701    -0.62783701     0.62783701
  H       0.62783701    -0.62783701    -0.62783701
  H      -0.62783701     0.62783701    -0.62783701

               ******************************************
               *     Restricted Hartree-Fock Method     *
               ******************************************

                     Basis Set Information
                    -----------------------
  H (Hydrogen)
  ------------
   1   S       33.87000000     0.00606800
                5.09500000     0.04530800
                1.15900000     0.20282200
   2   S        0.32580000     1.00000000
   3   S        0.10270000     1.00000000
   4   P        1.40700000     1.00000000
   5   P        0.38800000     1.00000000
   6   D        1.05700000     1.00000000

  C (Carbon)
  ----------
   1   S     8236.00000000     0.00053100
             1235.00000000     0.00410800
              280.80000000     0.02108700
               79.27000000     0.08185300
               25.59000000     0.23481700
                8.99700000     0.43440100
                3.31900000     0.34612900
                0.36430000    -0.00898300
   2   S     8236.00000000    -0.00011300
             1235.00000000    -0.00087800
              280.80000000    -0.00454000
               79.27000000    -0.01813300
               25.59000000    -0.05576000
                8.99700000    -0.12689500
                3.31900000    -0.17035200
                0.36430000     0.59868400
   3   S        0.90590000     1.00000000
   4   S        0.12850000     1.00000000
   5   P       18.71000000     0.01403100
                4.13300000     0.08686600
                1.20000000     0.29021600
   6   P        0.38270000     1.00000000
   7   P        0.12090000     1.00000000
   8   D        1.09700000     1.00000000
   9   D        0.31800000     1.00000000
  10   F        0.76100000     1.00000000

Number of shells   : 34
Dimension          : 95
Integration engine : Libint
Initial guess      : Hcore

 Iter        E(elec)              E(tot)               Delta(E)              RMS(D)          Time, sec
----------------------------------------------------------------------------------------------------------
 01     -43.875261529415     -18.426416340586     -43.875261529415      45.098725549285         6.059
 02     -77.085671769319     -51.636826580489     -33.210410239903      40.101137416733        10.935
 03     -58.244093835272     -32.795248646442      18.841577934047       1.571834829647        15.833
 04     -63.778716581443     -38.329871392613      -5.534622746171       1.256078816712        20.807
 05     -63.583187208706     -38.134342019876       0.195529372737       0.451273308422        25.877
 06     -63.540483659818     -38.091638470988       0.042703548888       0.063095492531        30.958
 07     -63.538885333677     -38.090040144847       0.001598326141       0.012975844585        36.101
 08     -63.539539358078     -38.090694169248      -0.000654024401       0.001323069747        41.189
 09     -63.539517519012     -38.090672330182       0.000021839066       0.000155712169        46.332
 10     -63.539520115063     -38.090674926233      -0.000002596051       0.000011397823        51.402
 11     -63.539520244693     -38.090675055863      -0.000000129630       0.000000463965        56.535
 12     -63.539520248362     -38.090675059532      -0.000000003668       0.000000041190        61.773
 13     -63.539520247880     -38.090675059050       0.000000000482       0.000000007346        66.971
----------------------------------------------------------------------------------------------------------
 Converged!

           Total RHF energy =     -38.090675059050
          Electronic energy =     -63.539520247880
        One-electron energy =     -98.201797192402
        Two-electron energy =      34.662276944522
   Nuclear repulsion energy =      25.448845188830

      Time for:           sec
---------------------------------
  One-electron ints        0.032
  Initial guess            0.069
  Fock matrix             65.593
  Density matrix           0.000
  Diagonalization          0.860
  DIIS extrapolation       0.368
  Time per iteration       5.152
---------------------------------

Wall time: 0 days 0 hours 1 min 6 sec 978 ms
