
                           **********************
                           *                    *
                           *     MINICHEM 0.1   *
                           *                    *
                           **********************

Minichem is an open-source simple quantum chemistry code, written in educational purposes
Build date: Nov  1 2016 21:20:23
Compiler:   gcc 6.2.1
Date:       Tue Nov  1 22:17:12 2016
Authors:
  Alexander Oleynichenko        alexvoleynichenko@gmail.com

--------------------------------------------------------------------------------
Input file: h2o.inp
Charge = 0
Mult = 1
  O       0.00000000    -0.14322233     0.00000000
  H       1.63803338     1.13655680     0.00000000
  H      -1.63803338     1.13655680     0.00000000

  H (Hydrogen)
  ------------
   1   S       13.01070100     0.01968216
                1.96225720     0.13796524
                0.44453796     0.47831935
   2   S        0.12194962     1.00000000
   3   P        0.80000000     1.00000000

  He (Helium)
  -----------
   1   S       38.35493674     0.02381429
                5.76890815     0.15490907
                1.23994070     0.46998097
   2   S        0.29757816     1.00000000
   3   P        1.00000000     1.00000000

  Li (Lithium)
  ------------
   1   S      266.27785516     0.00649202
               40.06978345     0.04774786
                9.05599444     0.20268796
                2.45030091     0.48606575
                0.72209572     0.43626978
   2   S        0.05281088     1.00000000
   3   S        0.02096095     1.00000000
   4   P        1.45000000     0.25860000
                0.30000000     1.00000000
   5   P        0.08200000     1.00000000

  Be (Beryllium)
  --------------
   1   S      515.18616125     0.00556153
               77.51103760     0.04119007
               17.55248169     0.17913378
                4.80289406     0.44736716
                1.45162143     0.42009582
   2   S        0.13281634     1.00000000
   3   S        0.04583737     1.00000000
   4   P        3.63169171    -0.02903400
                0.71695694    -0.16877854
                0.19541933    -0.51403420
   5   P        0.06051547     1.00000000

  B (Boron)
  ---------
   1   S      839.31830086    -0.00559292
              126.26464843    -0.04156552
               28.62060076    -0.18299817
                7.87937227    -0.46540392
                2.40888572    -0.44173885
   2   S        0.25105109     1.00000000
   3   S        0.08364887     1.00000000
   4   P        6.03322236    -0.03560367
                1.24991579    -0.19895776
                0.33871676    -0.50850203
   5   P        0.09641563     1.00000000
   6   D        0.50000000     1.00000000

  C (Carbon)
  ----------
   1   S     1238.40169380     0.00545688
              186.29004992     0.04063841
               42.25117635     0.18025594
               11.67655793     0.46315122
                3.59305065     0.44087173
   2   S        0.40245147     1.00000000
   3   S        0.13090183     1.00000000
   4   P        9.46809706     0.03838787
                2.01035451     0.21117025
                0.54771005     0.51328172
   5   P        0.15268614     1.00000000
   6   D        0.80000000     1.00000000

  N (Nitrogen)
  ------------
   1   S     1712.84158530    -0.00539341
              257.64812677    -0.04022158
               58.45824585    -0.17931145
               16.19836791    -0.46376318
                5.00526008    -0.44171423
   2   S        0.58731857     1.00000000
   3   S        0.18764592     1.00000000
   4   P       13.57147023    -0.04007240
                2.92573729    -0.21807045
                0.79927751    -0.51294466
   5   P        0.21954348     1.00000000
   6   D        1.00000000     1.00000000

  O (Oxygen)
  ----------
   1   S     2266.17677850    -0.00534318
              340.87010191    -0.03989004
               77.36313517    -0.17853912
               21.47964494    -0.46427685
                6.65894331    -0.44309745
   2   S        0.80975976     1.00000000
   3   S        0.25530772     1.00000000
   4   P       17.72150432     0.04339457
                3.86355054     0.23094121
                1.04809209     0.51375311
   5   P        0.27641544     1.00000000
   6   D        1.20000000     1.00000000

  F (Fluorine)
  ------------
   1   S     2894.83259900    -0.00534083
              435.41939120    -0.03990426
               98.84332887    -0.17912768
               27.48519800    -0.46758091
                8.54054982    -0.44653131
   2   S        1.06545780     1.00000000
   3   S        0.33247347     1.00000000
   4   P       22.69663392    -0.04521287
                4.98723393    -0.23754317
                1.34916140    -0.51287354
   5   P        0.34829882     1.00000000
   6   D        1.40000000     1.00000000

  Ne (Neon)
  ---------
   1   S     3598.97366250    -0.00532593
              541.32073112    -0.03981742
              122.90450062    -0.17914358
               34.21661702    -0.46893583
               10.65058412    -0.44782538
   2   S        1.35459540     1.00000000
   3   S        0.41919363     1.00000000
   4   P       28.42405379    -0.04603194
                6.28225110    -0.23993183
                1.69787151    -0.50871725
   5   P        0.43300700     1.00000000
   6   D        1.88800000     1.00000000


               ******************************************
               *     Restricted Hartree-Fock Method     *
               ******************************************

                     Basis Set Information
                    -----------------------
  H (Hydrogen)
  ------------
   1   S       13.01070100     0.01968216
                1.96225720     0.13796524
                0.44453796     0.47831935
   2   S        0.12194962     1.00000000
   3   P        0.80000000     1.00000000

  O (Oxygen)
  ----------
   1   S     2266.17677850    -0.00534318
              340.87010191    -0.03989004
               77.36313517    -0.17853912
               21.47964494    -0.46427685
                6.65894331    -0.44309745
   2   S        0.80975976     1.00000000
   3   S        0.25530772     1.00000000
   4   P       17.72150432     0.04339457
                3.86355054     0.23094121
                1.04809209     0.51375311
   5   P        0.27641544     1.00000000
   6   D        1.20000000     1.00000000

Number of shells   : 12
Dimension          : 25
Integration engine : Libint
 Iter        E(elec)              E(tot)               Delta(E)              RMS(D)          Time, sec
----------------------------------------------------------------------------------------------------------
 01     -64.419058544799     -56.416690996559     -64.419058544799       8.093177241647         1.076
 02    -100.092147518715     -92.089779970475     -35.673088973916       7.067480901140         1.379
 03     -68.785754607024     -60.783387058784      31.306392911691       5.963855535477         1.683
 04     -97.725224153646     -89.722856605407     -28.939469546622       5.897927502121         1.983
 05     -71.378105682363     -63.375738134124      26.347118471283       4.193744821847         2.284
 06     -95.031555805764     -87.029188257524     -23.653450123401       4.095908473434         2.584
 07     -75.135235400004     -67.132867851765      19.896320405760       1.975729882951         2.884
 08     -90.567940180785     -82.565572632546     -15.432704780781       1.633976790363         3.185
 09     -79.139829234337     -71.137461686098      11.428110946448       0.934487556817         3.485
 10     -87.286525069017     -79.284157520778      -8.146695834680       0.705978903374         3.786
 11     -81.635515074704     -73.633147526465       5.651009994313       0.440901177150         4.087
 12     -85.481265837124     -77.478898288884      -3.845750762419       0.311707067981         4.387
 13     -82.885424260465     -74.883056712225       2.595841576659       0.201043710015         4.688
 14     -84.625265823447     -76.622898275207      -1.739841562982       0.137897965619         4.988
 15     -83.460418919119     -75.458051370880       1.164846904328       0.090373705308         5.288
 16     -84.238301627010     -76.235934078771      -0.777882707891       0.061129842742         5.589
 17     -83.718684632571     -75.716317084332       0.519616994439       0.040409891431         5.889
 18     -84.065434025124     -76.063066476884      -0.346749392553       0.027151634199         6.190
 19     -83.833961606612     -75.831594058373       0.231472418512       0.018029589091         6.490
 20     -83.988412164860     -75.986044616620      -0.154450558248       0.012074298340         6.791
 21     -83.885330417668     -75.882962869428       0.103081747192       0.008036336209         7.098
 22     -83.954112943336     -75.951745395097      -0.068782525669       0.005372899889         7.407
 23     -83.908210430842     -75.905842882603       0.045902512494       0.003580358933         7.717
 24     -83.938840152268     -75.936472604029      -0.030629721426       0.002391666493         8.020
 25     -83.918399888661     -75.916032340422       0.020440263607       0.001594752157         8.320
 26     -83.932039454859     -75.929671906619      -0.013639566197       0.001064798028         8.621
 27     -83.922937461081     -75.920569912842       0.009101993777       0.000710243574         8.921
 28     -83.929011189140     -75.926643640901      -0.006073728059       0.000474103205         9.223
 29     -83.924958089933     -75.922590541693       0.004053099208       0.000316295972         9.533
 30     -83.927662726645     -75.925295178405      -0.002704636712       0.000211105386         9.843
 31     -83.925857887577     -75.923490339337       0.001804839068       0.000140852643        10.143
 32     -83.927062263140     -75.924694714901      -0.001204375563       0.000094001980        10.444
 33     -83.926258570300     -75.923891022060       0.000803692840       0.000062723183        10.744
 34     -83.926794878706     -75.924427330467      -0.000536308406       0.000041858235        11.044
 35     -83.926436994984     -75.924069446744       0.000357883722       0.000027931006        11.345
 36     -83.926675813003     -75.924308264763      -0.000238818019       0.000018639246        11.645
 37     -83.926516447641     -75.924148899401       0.000159365362       0.000012437765        11.948
 38     -83.926622793221     -75.924255244982      -0.000106345580       0.000008299994        12.252
 39     -83.926551827928     -75.924184279688       0.000070965293       0.000005538559        12.553
 40     -83.926599183573     -75.924231635333      -0.000047355645       0.000003695968        12.853
 41     -83.926567582773     -75.924200034533       0.000031600800       0.000002466323        13.153
 42     -83.926588670213     -75.924221121974      -0.000021087441       0.000001645808        13.454
 43     -83.926574598399     -75.924207050159       0.000014071815       0.000001098255        13.755
 44     -83.926583988630     -75.924216440390      -0.000009390231       0.000000732879        14.055
 45     -83.926577722449     -75.924210174210       0.000006266180       0.000000489055        14.355
 46     -83.926581903920     -75.924214355681      -0.000004181471       0.000000326349        14.656
 47     -83.926579113597     -75.924211565358       0.000002790323       0.000000217773        14.956
 48     -83.926580975597     -75.924213427358      -0.000001862000       0.000000145323        15.256
 49     -83.926579733071     -75.924212184831       0.000001242526       0.000000096975        15.556
 50     -83.926580562220     -75.924213013980      -0.000000829149       0.000000064713        15.857
 51     -83.926580008919     -75.924212460679       0.000000553301       0.000000043184        16.157
 52     -83.926580378140     -75.924212829900      -0.000000369221       0.000000028815        16.457
 53     -83.926580131759     -75.924212583519       0.000000246381       0.000000019230        16.758
 54     -83.926580296170     -75.924212747931      -0.000000164412       0.000000012832        17.064
 55     -83.926580186458     -75.924212638219       0.000000109712       0.000000008562        17.369
 56     -83.926580259672     -75.924212711432      -0.000000073213       0.000000005715        17.673
 57     -83.926580210811     -75.924212662572       0.000000048861       0.000000003814        17.974
 58     -83.926580243419     -75.924212695180      -0.000000032608       0.000000002545        18.274
 59     -83.926580221655     -75.924212673416       0.000000021764       0.000000001700        18.574
 60     -83.926580236181     -75.924212687941      -0.000000014526       0.000000001133        18.875
 61     -83.926580226490     -75.924212678251       0.000000009691       0.000000000755        19.175
 62     -83.926580232954     -75.924212684714      -0.000000006463       0.000000000504        19.475
 63     -83.926580228646     -75.924212680407       0.000000004307       0.000000000335        19.776
 64     -83.926580231512     -75.924212683272      -0.000000002866       0.000000000222        20.076
 65     -83.926580229605     -75.924212681366       0.000000001907       0.000000000149        20.377
 66     -83.926580230880     -75.924212682640      -0.000000001274       0.000000000101        20.677
 67     -83.926580230027     -75.924212681787       0.000000000853       0.000000000066        20.977
 68     -83.926580230594     -75.924212682355      -0.000000000567       0.000000000044        21.277
 69     -83.926580230217     -75.924212681978       0.000000000377       0.000000000030        21.578
 70     -83.926580230465     -75.924212682225      -0.000000000247       0.000000000019        21.888
 71     -83.926580230309     -75.924212682069       0.000000000156       0.000000000014        22.188
 72     -83.926580230405     -75.924212682165      -0.000000000096       0.000000000009        22.489
 73     -83.926580230340     -75.924212682101       0.000000000065       0.000000000008        22.789
 74     -83.926580230389     -75.924212682150      -0.000000000049       0.000000000007        23.089
 75     -83.926580230352     -75.924212682113       0.000000000037       0.000000000004        23.390
 76     -83.926580230378     -75.924212682139      -0.000000000026       0.000000000003        23.691
 77     -83.926580230362     -75.924212682122       0.000000000016       0.000000000004        23.991
 78     -83.926580230371     -75.924212682132      -0.000000000010       0.000000000004        24.291
 79     -83.926580230367     -75.924212682128       0.000000000004       0.000000000005        24.591
 80     -83.926580230364     -75.924212682125       0.000000000003       0.000000000009        24.892
 81     -83.926580230373     -75.924212682134      -0.000000000009       0.000000000007        25.192
 82     -83.926580230360     -75.924212682121       0.000000000013       0.000000000009        25.492
 83     -83.926580230377     -75.924212682137      -0.000000000017       0.000000000007        25.793
 84     -83.926580230358     -75.924212682119       0.000000000019       0.000000000007        26.093
 85     -83.926580230376     -75.924212682137      -0.000000000018       0.000000000004        26.394
 86     -83.926580230361     -75.924212682122       0.000000000015       0.000000000003        26.694
 87     -83.926580230373     -75.924212682133      -0.000000000011       0.000000000002        26.994
 88     -83.926580230368     -75.924212682128       0.000000000005       0.000000000007        27.295
 89     -83.926580230368     -75.924212682128       0.000000000000       0.000000000002        27.595
 90     -83.926580230368     -75.924212682128      -0.000000000000       0.000000000005        27.895
 91     -83.926580230367     -75.924212682127       0.000000000001       0.000000000001        28.198
----------------------------------------------------------------------------------------------------------
 Converged!

           Total RHF energy =     -75.924212682127
          Electronic energy =     -83.926580230367
        One-electron energy =    -120.849497000846
        Two-electron energy =      36.922916770479
   Nuclear repulsion energy =       8.002367548240

      Time for:           sec
---------------------------------
  One-electron ints      0.018
  Initial guess          0.005
  Fock matrix           27.905
  Density matrix         0.000
  Diagonalization        0.173
  Time per iteration     0.310
---------------------------------

