
                           **********************
                           *                    *
                           *     MINICHEM 0.1   *
                           *                    *
                           **********************

Minichem is an open-source simple quantum chemistry code, written in educational purposes
Build date: Oct 30 2016 12:33:36
Compiler:   gcc 6.2.1
Date:       Sun Oct 30 15:56:05 2016
Authors:
  Alexander Oleynichenko        alexvoleynichenko@gmail.com

--------------------------------------------------------------------------------
Input file: LiH.inp
Charge = 0
Mult = 1
  H       0.00000000     0.00000000     0.00000000
  Li      1.46320000     0.00000000     0.00000000

               ********************************
               *      Hartree-Fock Method     *
               ********************************

                     Basis Set Information
                    -----------------------
  H (Hydrogen)
  ------------
   1   S        3.42525091     0.15432897
                0.62391373     0.53532814
                0.16885540     0.44463454

  Li (Lithium)
  ------------
   1   S       16.11957500     0.15432897
                2.93620070     0.53532814
                0.79465050     0.44463454
   2   S        0.63628970    -0.09996723
                0.14786010     0.39951283
                0.04808870     0.70011547
   3   P        0.63628970     0.15591627
                0.14786010     0.60768372
                0.04808870     0.39195739

Number of shells   : 4
Dimension          : 6
Integration engine : Libint
