[2016-10-20 17:33:23] Log created
[2016-10-20 17:33:23] Kernel::Kernel(int argc, char **argv) invoked, argc == 2
[2016-10-20 17:33:23] Running on avo (Linux)
[2016-10-20 17:33:23] Kernel arguments: "./minichem CH4.inp "
[2016-10-20 17:33:23] Input files: 1 ( CH4.inp )
[2016-10-20 17:33:23] Starting kernel (Kernel::start())
[2016-10-20 17:33:23] New input file: "CH4.inp"
[2016-10-20 17:33:23] Molecule declaration started
[2016-10-20 17:33:23] Molecule specification was succesfully read, charge = 0, mult = 1, nelec = 10
[2016-10-20 17:33:23] Exit
[2016-10-20 22:42:54] Log created
[2016-10-20 22:42:54] Kernel::Kernel(int argc, char **argv) invoked, argc == 2
[2016-10-20 22:42:54] Running on Alexander (Linux)
[2016-10-20 22:42:54] Kernel arguments: "./minichem LiH.inp "
[2016-10-20 22:42:54] Input files: 1 ( LiH.inp )
[2016-10-20 22:42:54] Starting kernel (Kernel::start())
[2016-10-20 22:42:54] New input file: "LiH.inp"
[2016-10-20 22:42:54] Molecule declaration started
[2016-10-20 22:42:54] Molecule specification was succesfully read, charge = 0, mult = 1, nelec = 4
[2016-10-20 22:42:54] Exit
